<?xml version="1.0" encoding="UTF-8"?>
<!-- Generated by org.testng.reporters.JUnitXMLReporter -->
<testsuite hostname="DESKTOP-B6VKK8V" failures="1" tests="1" name="firefox" time="212.585" errors="0" timestamp="30 Aug 2022 10:43:24 GMT">
  <testcase classname="commonMethods.Testcases" name="vijaysales6" time="206.558">
    <failure type="java.lang.IndexOutOfBoundsException" message="Index 2 out of bounds for length 2">
      <![CDATA[java.lang.IndexOutOfBoundsException: Index 2 out of bounds for length 2
	at java.base/jdk.internal.util.Preconditions.outOfBounds(Preconditions.java:64)
	at java.base/jdk.internal.util.Preconditions.outOfBoundsCheckIndex(Preconditions.java:70)
	at java.base/jdk.internal.util.Preconditions.checkIndex(Preconditions.java:266)
	at java.base/java.util.Objects.checkIndex(Objects.java:359)
	at java.base/java.util.ArrayList.get(ArrayList.java:427)
	at commonMethods.Keywords.windowhandlesframe(Keywords.java:1281)
	at scripts.Vijaysalesproductpage.vijaysalesproductpage2(Vijaysalesproductpage.java:366)
	at commonMethods.Testcases.vijaysales6(Testcases.java:243)
... Removed 24 stack frames]]>
    </failure>
  </testcase> <!-- vijaysales6 -->
</testsuite> <!-- firefox -->
